kube-dns
total 92K
drwxr-xr-x   1 root root 4.0K Jul 15 11:31 .
drwxr-xr-x   1 root root 4.0K Jul 15 11:31 ..
-rwxr-xr-x   1 root root    0 Jul 15 11:31 .dockerenv
-rw-r--r--   1 root root  12K Nov 13  2020 anaconda-post.log
lrwxrwxrwx   1 root root    7 Nov 13  2020 bin -> usr/bin
drwxr-xr-x  15 root root 4.4K Jul 15 11:31 dev
drwxr-xr-x   1 root root 4.0K Jul 15 11:31 etc
drwxr-xr-x   2 root root 4.0K Apr 11  2018 home
-rwxr-xr-x   1 root root  857 Jan  1  1970 install.sh
-rw-r--r--   1 root root 2.1K Jan  1  1970 install.yaml
-rw-r--r--   1 root root 5.6K Jan  1  1970 kubeconfig.kubeconfig
lrwxrwxrwx   1 root root    7 Nov 13  2020 lib -> usr/lib
lrwxrwxrwx   1 root root    9 Nov 13  2020 lib64 -> usr/lib64
drwxr-xr-x   2 root root 4.0K Apr 11  2018 media
drwxr-xr-x   2 root root 4.0K Apr 11  2018 mnt
-rw-r--r--   1 root root    8 Jan  1  1970 namespace-file
-rw-r--r--   1 root root  157 Jan  1  1970 namespace.yaml
drwxr-xr-x   2 root root 4.0K Apr 11  2018 opt
-rw-r--r--   1 root root  790 Jan  1  1970 param-file.txt
-rw-r--r--   1 root root    0 Jan  1  1970 privileged-sa-list.txt
dr-xr-xr-x 505 root root    0 Jul 15 10:19 proc
-rw-r--r--   1 root root    0 Jan  1  1970 rbac.yaml
dr-xr-x---   1 root root 4.0K May  4 21:56 root
drwxr-xr-x   1 root root 4.0K May  4 21:56 run
lrwxrwxrwx   1 root root    8 Nov 13  2020 sbin -> usr/sbin
drwxr-xr-x   2 root root 4.0K Apr 11  2018 srv
dr-xr-xr-x  13 root root    0 Jul 15 10:19 sys
drwxrwxrwt   7 root root 4.0K Nov 13  2020 tmp
drwxr-xr-x   1 root root 4.0K Nov 13  2020 usr
drwxr-xr-x   1 root root 4.0K Nov 13  2020 var
namespace/kube-dns created
daemonset.extensions/kube-dns created
serviceaccount/kube-dns created
service/kube-dns created
