total 96K
drwxr-xr-x   1 root root 4.0K Jul 15 11:34 .
drwxr-xr-x   1 root root 4.0K Jul 15 11:34 ..
-rwxr-xr-x   1 root root    0 Jul 15 11:33 .dockerenv
-rw-r--r--   1 root root  12K Nov 13  2020 anaconda-post.log
-rwxr-xr-x   1 root root  182 Jan  1  1970 apply.sh
lrwxrwxrwx   1 root root    7 Nov 13  2020 bin -> usr/bin
drwxr-xr-x  15 root root 4.4K Jul 15 11:34 dev
drwxr-xr-x   1 root root 4.0K Jul 15 11:33 etc
drwxr-xr-x   2 root root 4.0K Apr 11  2018 home
-rw-r--r--   1 root root 5.6K Jan  1  1970 kubeconfig.kubeconfig
lrwxrwxrwx   1 root root    7 Nov 13  2020 lib -> usr/lib
lrwxrwxrwx   1 root root    9 Nov 13  2020 lib64 -> usr/lib64
-rw-r--r--   1 root root  13K Jan  1  1970 list.yaml
drwxr-xr-x   2 root root 4.0K Apr 11  2018 media
drwxr-xr-x   2 root root 4.0K Apr 11  2018 mnt
-rw-r--r--   1 root root    9 Jan  1  1970 namespace-file
drwxr-xr-x   2 root root 4.0K Apr 11  2018 opt
dr-xr-xr-x 579 root root    0 Jul 15 10:19 proc
dr-xr-x---   1 root root 4.0K May  4 21:56 root
drwxr-xr-x   1 root root 4.0K May  4 21:56 run
lrwxrwxrwx   1 root root    8 Nov 13  2020 sbin -> usr/sbin
drwxr-xr-x   2 root root 4.0K Apr 11  2018 srv
dr-xr-xr-x  13 root root    0 Jul 15 10:19 sys
drwxrwxrwt   7 root root 4.0K Nov 13  2020 tmp
drwxr-xr-x   1 root root 4.0K Nov 13  2020 usr
drwxr-xr-x   1 root root 4.0K Nov 13  2020 var
template.template.openshift.io/mariadb-persistent created
